<?xml version="1.0" encoding="UTF-8"?>
<!-- Generated by org.testng.reporters.JUnitReportReporter -->
<testsuite hostname="EC2AMAZ-IB3I7DE" failures="0" tests="2" name="agentLogin.Listings" time="14.922" errors="0" timestamp="27 Sep 2023 08:52:32 GMT" skipped="0">
  <testcase classname="agentLogin.Listings" name="tc02_clickFilter" time="3.772"/>
  <testcase classname="agentLogin.Listings" name="tc01_verifyListingsLandingPage" time="11.150"/>
</testsuite> <!-- agentLogin.Listings -->
