<?xml version="1.0" encoding="UTF-8"?>
<!-- Generated by org.testng.reporters.JUnitReportReporter -->
<testsuite hostname="EC2AMAZ-IB3I7DE" failures="0" tests="11" name="accountManager.TierprofilePage" time="93.735" errors="0" timestamp="27 Sep 2023 08:52:32 GMT" skipped="0">
  <testcase classname="accountManager.TierprofilePage" name="tc08_verifyRatingTab" time="0.704"/>
  <testcase classname="accountManager.TierprofilePage" name="tc06_verifyFlagReview" time="1.079"/>
  <testcase classname="accountManager.TierprofilePage" name="tc05_clickEditProfileIcon" time="4.275"/>
  <testcase classname="accountManager.TierprofilePage" name="tc03_verifyProfessionalSidePage" time="36.317"/>
  <testcase classname="accountManager.TierprofilePage" name="tc04_clickShareProfileIcon" time="0.968"/>
  <testcase classname="accountManager.TierprofilePage" name="tc07_verifyShareReview" time="0.861"/>
  <testcase classname="accountManager.TierprofilePage" name="tc02_verifyReviewsTab" time="1.798"/>
  <testcase classname="accountManager.TierprofilePage" name="tc10_verifyContactSection" time="8.416"/>
  <testcase classname="accountManager.TierprofilePage" name="tc01_verifyTierProfileLandingPage" time="22.082"/>
  <testcase classname="accountManager.TierprofilePage" name="tc11_verifyUsersSection" time="15.430"/>
  <testcase classname="accountManager.TierprofilePage" name="tc09_verifyAboutSection" time="1.805"/>
</testsuite> <!-- accountManager.TierprofilePage -->
