<?xml version="1.0" encoding="UTF-8"?>
<!-- Generated by org.testng.reporters.JUnitReportReporter -->
<testsuite hostname="EC2AMAZ-IB3I7DE" failures="0" tests="3" name="accountManager.ReviewsManagement" time="61.176" errors="0" timestamp="27 Sep 2023 08:52:32 GMT" skipped="0">
  <testcase classname="accountManager.ReviewsManagement" name="tc002_dataAndAnalysisLandingPage" time="13.000"/>
  <testcase classname="accountManager.ReviewsManagement" name="tc001_reviewsManagementLandingPage" time="23.180"/>
  <testcase classname="accountManager.ReviewsManagement" name="tc003_verifyReviewsManagementShareSocialSites" time="24.996"/>
</testsuite> <!-- accountManager.ReviewsManagement -->
