<?xml version="1.0" encoding="UTF-8"?>
<!-- Generated by org.testng.reporters.JUnitReportReporter -->
<testsuite hostname="Ashwin-AKs-MacBook-Pro.local" failures="0" tests="1" name="accountManager.Prl" time="30.054" errors="0" timestamp="25 Jul 2023 17:35:16 GMT" skipped="0">
  <testcase classname="accountManager.Prl" name="tc05_verifyListingsLocationsLandingPage" time="30.054"/>
</testsuite> <!-- accountManager.Prl -->
