<?xml version="1.0" encoding="UTF-8"?>
<!-- Generated by org.testng.reporters.JUnitReportReporter -->
<testsuite hostname="Ashwin-AKs-MacBook-Pro.local" failures="0" tests="7" name="accountManager.prl.Prl" time="120.382" errors="0" timestamp="21 Jul 2023 09:17:25 GMT" skipped="0">
  <testcase classname="accountManager.prl.Prl" name="tc02_reportsActivityFeedLandingPage" time="10.369"/>
  <testcase classname="accountManager.prl.Prl" name="tc03_listingsLocationDataIssue" time="10.419"/>
  <testcase classname="accountManager.prl.Prl" name="tc06_verifyListingsUserLandingPage" time="29.693"/>
  <testcase classname="accountManager.prl.Prl" name="tc01_listingsLandingPage" time="10.394"/>
  <testcase classname="accountManager.prl.Prl" name="tc09_listingsPublishStatus" time="18.844"/>
  <testcase classname="accountManager.prl.Prl" name="tc04_listingsUserDataIssue" time="10.349"/>
  <testcase classname="accountManager.prl.Prl" name="tc05_verifyListingsLocationsLandingPage" time="30.314"/>
</testsuite> <!-- accountManager.prl.Prl -->
