<?xml version="1.0" encoding="UTF-8"?>
<!-- Generated by org.testng.reporters.JUnitReportReporter -->
<testsuite hostname="EC2AMAZ-IB3I7DE" failures="0" tests="6" name="agentLogin.Dart" time="136.029" errors="0" timestamp="27 Sep 2023 08:52:32 GMT" skipped="0">
  <testcase classname="agentLogin.Dart" name="tc01_DashboardLandingPage" time="21.869"/>
  <testcase classname="agentLogin.Dart" name="tc02_leaderboardLandingPage" time="5.414"/>
  <testcase classname="agentLogin.Dart" name="tc05_reportsLandingPage" time="30.445"/>
  <testcase classname="agentLogin.Dart" name="tc04_verifyProfilePageReviewsShareSocialSites" time="34.072"/>
  <testcase classname="agentLogin.Dart" name="tc06_verifyAgentPageFooter" time="12.699"/>
  <testcase classname="agentLogin.Dart" name="tc03_verifyProfilePageShareSocialSites" time="31.530"/>
</testsuite> <!-- agentLogin.Dart -->
