<?xml version="1.0" encoding="UTF-8"?>
<!-- Generated by org.testng.reporters.JUnitReportReporter -->
<testsuite hostname="EC2AMAZ-IB3I7DE" failures="0" tests="1" name="accountManager.Settings" time="19.331" errors="0" timestamp="27 Sep 2023 08:52:32 GMT" skipped="0">
  <testcase classname="accountManager.Settings" name="tc01_settingsLandingPage" time="19.331"/>
</testsuite> <!-- accountManager.Settings -->
