<?xml version="1.0" encoding="UTF-8"?>
<!-- Generated by org.testng.reporters.JUnitReportReporter -->
<testsuite hostname="EC2AMAZ-IB3I7DE" failures="0" tests="4" name="accountManager.Swiss" time="16.063" errors="0" timestamp="27 Sep 2023 08:52:32 GMT" skipped="0">
  <testcase classname="accountManager.Swiss" name="tc01_swissLandingPageLinks" time="1.919"/>
  <testcase classname="accountManager.Swiss" name="tc02_verifyLandingPage" time="0.918"/>
  <testcase classname="accountManager.Swiss" name="tc04_verifySearchResultsPage" time="12.546"/>
  <testcase classname="accountManager.Swiss" name="tc03_verifySwissPageFooterIndustries" time="0.680"/>
</testsuite> <!-- accountManager.Swiss -->
