<?xml version="1.0" encoding="UTF-8"?>
<!-- Generated by org.testng.reporters.JUnitReportReporter -->
<testsuite hostname="EC2AMAZ-IB3I7DE" failures="0" tests="6" name="accountManager.Hierarchy" time="175.723" errors="0" timestamp="27 Sep 2023 08:52:32 GMT" skipped="0">
  <testcase classname="accountManager.Hierarchy" name="tc03_hierarchyUserDrawerLandingPage" time="85.542"/>
  <testcase classname="accountManager.Hierarchy" name="tc05_hierarchyTierDrawerLandingPage" time="29.390"/>
  <testcase classname="accountManager.Hierarchy" name="tc02_hierarchyUserLandingPage" time="10.167"/>
  <testcase classname="accountManager.Hierarchy" name="tc04_hierarchyTierLandingPage" time="11.444"/>
  <testcase classname="accountManager.Hierarchy" name="tc06_hierarchyTierBulkOptionsLandingPage" time="26.307"/>
  <testcase classname="accountManager.Hierarchy" name="tc01_hierarchyLandingPage" time="12.873"/>
</testsuite> <!-- accountManager.Hierarchy -->
