<?xml version="1.0" encoding="UTF-8"?>
<!-- Generated by org.testng.reporters.JUnitReportReporter -->
<testsuite hostname="EC2AMAZ-IB3I7DE" failures="0" tests="10" name="accountManager.UserProfilePage" time="78.616" errors="0" timestamp="27 Sep 2023 08:52:32 GMT" skipped="0">
  <testcase classname="accountManager.UserProfilePage" name="tc04_clickShareProfileIcon" time="0.847"/>
  <testcase classname="accountManager.UserProfilePage" name="tc03_verifyProfessionalSidePage" time="35.534"/>
  <testcase classname="accountManager.UserProfilePage" name="tc07_verifyShareReview" time="1.077"/>
  <testcase classname="accountManager.UserProfilePage" name="tc08_verifyRatingTab" time="0.632"/>
  <testcase classname="accountManager.UserProfilePage" name="tc02_verifyReviewsTab" time="1.756"/>
  <testcase classname="accountManager.UserProfilePage" name="tc10_verifyContactSection" time="9.055"/>
  <testcase classname="accountManager.UserProfilePage" name="tc06_verifyFlagReview" time="1.241"/>
  <testcase classname="accountManager.UserProfilePage" name="tc05_clickEditProfileIcon" time="4.351"/>
  <testcase classname="accountManager.UserProfilePage" name="tc09_verifyAboutSection" time="1.431"/>
  <testcase classname="accountManager.UserProfilePage" name="tc01_verifyUserProfileLandingPage" time="22.692"/>
</testsuite> <!-- accountManager.UserProfilePage -->
