<?xml version="1.0" encoding="UTF-8"?>
<!-- Generated by org.testng.reporters.JUnitReportReporter -->
<testsuite hostname="EC2AMAZ-IB3I7DE" failures="0" tests="9" name="agentLogin.Connections" time="66.953" errors="0" timestamp="27 Sep 2023 08:52:32 GMT" skipped="0">
  <testcase classname="agentLogin.Connections" name="tc05_linkedinConnectionDrawerValidation" time="9.805"/>
  <testcase classname="agentLogin.Connections" name="tc08_lendiingTreeConnectionDrawerValidation" time="7.976"/>
  <testcase classname="agentLogin.Connections" name="tc02_googleMyBusinessConnectionDrawerValidation" time="7.880"/>
  <testcase classname="agentLogin.Connections" name="tc07_InstagramConnectionDrawerValidation" time="7.300"/>
  <testcase classname="agentLogin.Connections" name="tc06_zillowConnectionDrawerValidation" time="8.110"/>
  <testcase classname="agentLogin.Connections" name="tc04_twitterConnectionDrawerValidation" time="7.049"/>
  <testcase classname="agentLogin.Connections" name="tc01_landingConnectionPage" time="4.928"/>
  <testcase classname="agentLogin.Connections" name="tc03_facebookConnectionDrawerValidation" time="6.870"/>
  <testcase classname="agentLogin.Connections" name="tc09_realtorTreeConnectionDrawerValidation" time="7.035"/>
</testsuite> <!-- agentLogin.Connections -->
