<?xml version="1.0" encoding="UTF-8"?>
<!-- Generated by org.testng.reporters.JUnitReportReporter -->
<testsuite hostname="EC2AMAZ-IB3I7DE" failures="0" tests="9" name="accountManager.SocialMonitor" time="83.926" errors="0" timestamp="27 Sep 2023 08:52:32 GMT" skipped="0">
  <testcase classname="accountManager.SocialMonitor" name="tc_09verifyingReports" time="0.649"/>
  <testcase classname="accountManager.SocialMonitor" name="tc_03verifyingFilter" time="12.076"/>
  <testcase classname="accountManager.SocialMonitor" name="tc_04verifyingStreams" time="18.746"/>
  <testcase classname="accountManager.SocialMonitor" name="tc_02verifyingMacrosReportsEditMonitors" time="15.048"/>
  <testcase classname="accountManager.SocialMonitor" name="tc_01verifyingSocialMonitorLandingPage" time="5.657"/>
  <testcase classname="accountManager.SocialMonitor" name="tc_07verifyingResolution" time="2.633"/>
  <testcase classname="accountManager.SocialMonitor" name="tc_05verifyingAlerts" time="21.465"/>
  <testcase classname="accountManager.SocialMonitor" name="tc_06verifyingEscalation" time="7.193"/>
  <testcase classname="accountManager.SocialMonitor" name="tc_08verifyingTrustedSource" time="0.459"/>
</testsuite> <!-- accountManager.SocialMonitor -->
