<?xml version="1.0" encoding="UTF-8"?>
<!-- Generated by org.testng.reporters.JUnitReportReporter -->
<testsuite hostname="EC2AMAZ-IB3I7DE" failures="0" tests="4" name="accountManager.IngestionSetup" time="502.158" errors="0" timestamp="27 Sep 2023 08:52:32 GMT" skipped="0">
  <testcase classname="accountManager.IngestionSetup" name="tc001_verifyingSettingsLandingPage" time="6.224"/>
  <testcase classname="accountManager.IngestionSetup" name="tc003_verifyingAllIngestionSource" time="483.423"/>
  <testcase classname="accountManager.IngestionSetup" name="tc002_verifyingIngestionSettingLandingPage" time="4.544"/>
  <testcase classname="accountManager.IngestionSetup" name="tc004_VerifyingActivityFeed" time="7.967"/>
</testsuite> <!-- accountManager.IngestionSetup -->
