<?xml version="1.0" encoding="UTF-8"?>
<!-- Generated by org.testng.reporters.JUnitReportReporter -->
<testsuite hostname="EC2AMAZ-IB3I7DE" failures="0" tests="12" name="agentLogin.Campaign" time="100.306" errors="0" timestamp="27 Sep 2023 08:52:32 GMT" skipped="1">
  <testcase classname="agentLogin.Campaign" name="tc11_verifyIncompleteSurveyInSideTab" time="11.825"/>
  <testcase classname="agentLogin.Campaign" name="tc06_verifyQuestionSummary" time="7.800"/>
  <testcase classname="agentLogin.Campaign" name="tc09_verifyIncompleteSurveys" time="7.113"/>
  <testcase classname="agentLogin.Campaign" name="tc03_verifyManualSurveyFields" time="10.881"/>
  <testcase classname="agentLogin.Campaign" name="tc07_verifyReviews" time="5.506"/>
  <testcase classname="agentLogin.Campaign" name="tc05_verifyOverview" time="3.659"/>
  <testcase classname="agentLogin.Campaign" name="tc02_verifyActivityFeedDrawer" time="2.841"/>
  <testcase classname="agentLogin.Campaign" name="tc01_verifyAgentLandingPage" time="8.159"/>
  <testcase classname="agentLogin.Campaign" name="tc08_verifyLeaderboard" time="7.882"/>
  <testcase classname="agentLogin.Campaign" name="tc10_verifyVersionHistory" time="8.705"/>
  <testcase classname="agentLogin.Campaign" name="tc04_verifyViewAnalytics" time="3.160"/>
  <testcase classname="agentLogin.Campaign" name="tc08_verifyLeaderboard" time="22.775">
    <skipped/>
  </testcase> <!-- tc08_verifyLeaderboard -->
</testsuite> <!-- agentLogin.Campaign -->
