<?xml version="1.0" encoding="UTF-8"?>
<!-- Generated by org.testng.reporters.JUnitReportReporter -->
<testsuite hostname="EC2AMAZ-IB3I7DE" failures="0" tests="1" name="accountManager.Campaign" time="9.658" errors="0" timestamp="27 Sep 2023 08:54:29 GMT" skipped="0">
  <testcase classname="accountManager.Campaign" name="tc03_verifyManualSurveyFields" time="9.658"/>
</testsuite> <!-- accountManager.Campaign -->
