<?xml version="1.0" encoding="UTF-8"?>
<!-- Generated by org.testng.reporters.JUnitReportReporter -->
<testsuite hostname="EC2AMAZ-IB3I7DE" failures="0" tests="1" name="accountManager.TransactionMonitor" time="5.615" errors="0" timestamp="27 Sep 2023 08:52:32 GMT" skipped="0">
  <testcase classname="accountManager.TransactionMonitor" name="verifyLandingPage" time="5.615"/>
</testsuite> <!-- accountManager.TransactionMonitor -->
