<?xml version="1.0" encoding="UTF-8"?>
<!-- Generated by org.testng.reporters.JUnitReportReporter -->
<testsuite hostname="EC2AMAZ-IB3I7DE" failures="0" tests="3" name="accountManager.AccountDashBoard" time="36.609" errors="0" timestamp="27 Sep 2023 08:52:32 GMT" skipped="0">
  <testcase classname="accountManager.AccountDashBoard" name="tc003_reportsLandingPage" time="24.790"/>
  <testcase classname="accountManager.AccountDashBoard" name="tc002_leaderboardLandingPage" time="4.891"/>
  <testcase classname="accountManager.AccountDashBoard" name="tc001_accountDashboardLandingPage" time="6.928"/>
</testsuite> <!-- accountManager.AccountDashBoard -->
