<?xml version="1.0" encoding="UTF-8"?>
<!-- Generated by org.testng.reporters.JUnitReportReporter -->
<testsuite hostname="EC2AMAZ-IB3I7DE" failures="0" tests="4" name="agentLogin.Widgets" time="34.007" errors="0" timestamp="27 Sep 2023 08:52:32 GMT" skipped="0">
  <testcase classname="agentLogin.Widgets" name="tc04_contactUs" time="9.641"/>
  <testcase classname="agentLogin.Widgets" name="tc02_basicReviews" time="9.164"/>
  <testcase classname="agentLogin.Widgets" name="tc01_widgets" time="8.987"/>
  <testcase classname="agentLogin.Widgets" name="tc03_customizeReviews" time="6.215"/>
</testsuite> <!-- agentLogin.Widgets -->
