<?xml version="1.0" encoding="UTF-8"?>
<!-- Generated by org.testng.reporters.JUnitReportReporter -->
<testsuite hostname="Ashwin-AKs-MacBook-Pro.local" failures="0" tests="2" name="accountManager.dart.AccountDashBoard" time="20.543" errors="0" timestamp="20 Jul 2023 10:56:13 GMT" skipped="0">
  <testcase classname="accountManager.dart.AccountDashBoard" name="reportsActivityFeedLandingPage" time="10.261"/>
  <testcase classname="accountManager.dart.AccountDashBoard" name="reportsLandingPage" time="10.282"/>
</testsuite> <!-- accountManager.dart.AccountDashBoard -->
