<?xml version="1.0" encoding="UTF-8"?>
<!-- Generated by org.testng.reporters.JUnitReportReporter -->
<testsuite hostname="EC2AMAZ-IB3I7DE" failures="0" tests="4" name="accountManager.AdvancedAnalytics" time="46.833" errors="0" timestamp="27 Sep 2023 08:52:32 GMT" skipped="0">
  <testcase classname="accountManager.AdvancedAnalytics" name="tc003_advancedAnalyticsTierStatisticsLandingPage" time="11.491"/>
  <testcase classname="accountManager.AdvancedAnalytics" name="tc002_advancedAnalyticsAccountStatisticsLandingPage" time="14.954"/>
  <testcase classname="accountManager.AdvancedAnalytics" name="tc004_advancedAnalyticsTierStatisticsLandingPage" time="11.636"/>
  <testcase classname="accountManager.AdvancedAnalytics" name="tc001_advancedAnalyticsLandingPage" time="8.752"/>
</testsuite> <!-- accountManager.AdvancedAnalytics -->
