<?xml version="1.0" encoding="UTF-8"?>
<!-- Generated by org.testng.reporters.JUnitReportReporter -->
<testsuite hostname="EC2AMAZ-IB3I7DE" failures="0" tests="4" name="accountManager.AccountHomePage" time="28.699" errors="0" timestamp="27 Sep 2023 08:52:32 GMT" skipped="0">
  <testcase classname="accountManager.AccountHomePage" name="tc01_navigateToAccountsPage" time="0.853"/>
  <testcase classname="accountManager.AccountHomePage" name="tc04_navigateToDashboardFromHomePage" time="3.123"/>
  <testcase classname="accountManager.AccountHomePage" name="tc02_reportsLandingPage" time="20.911"/>
  <testcase classname="accountManager.AccountHomePage" name="tc03_reportsActivityFeedLandingPage" time="3.812"/>
</testsuite> <!-- accountManager.AccountHomePage -->
