<?xml version="1.0" encoding="UTF-8"?>
<!-- Generated by org.testng.reporters.JUnitReportReporter -->
<testsuite hostname="EC2AMAZ-IB3I7DE" failures="0" tests="7" name="accountManager.Listings" time="104.051" errors="0" timestamp="27 Sep 2023 08:52:32 GMT" skipped="0">
  <testcase classname="accountManager.Listings" name="tc07_listingsPublishStatus" time="17.053"/>
  <testcase classname="accountManager.Listings" name="tc06_verifyListingsUserLandingPage" time="28.831"/>
  <testcase classname="accountManager.Listings" name="tc02_reportsActivityFeedLandingPage" time="6.399"/>
  <testcase classname="accountManager.Listings" name="tc05_verifyListingsLocationsLandingPage" time="29.195"/>
  <testcase classname="accountManager.Listings" name="tc01_listingsLandingPage" time="8.904"/>
  <testcase classname="accountManager.Listings" name="tc04_listingsUserDataIssue" time="6.794"/>
  <testcase classname="accountManager.Listings" name="tc03_listingsLocationDataIssue" time="6.875"/>
</testsuite> <!-- accountManager.Listings -->
